[0822/164412:ERROR:renderer_main.cc(203)] Running without renderer sandbox
[0822/164412:ERROR:backend_impl.cc(2001)] Invalid cache (current) size
[0822/164412:ERROR:cache_util_win.cc(20)] Unable to move the cache: 5
[0822/164412:ERROR:cache_util.cc(132)] Unable to move cache folder C:\Users\Administrator\AppData\Local\Tencent\Minibrowser\UserData to C:\Users\Administrator\AppData\Local\Tencent\Minibrowser\old_UserData_000
[0822/164412:ERROR:cache_creator.cc(133)] Unable to create cache
[0822/164413:ERROR:audio_low_latency_output_win.cc(181)] Bailing out due to non-perfect timing.  Buffer size of 480 is not an even divisor of 1056
[0822/164414:ERROR:child_discardable_shared_memory_manager.cc(266)] size: 4194304
[0822/164415:INFO:CONSOLE(112)] "Uncaught RangeError: Maximum call stack size exceeded", source:  (112)
[0822/164416:ERROR:child_discardable_shared_memory_manager.cc(266)] size: 66326528
[0822/164416:ERROR:child_discardable_shared_memory_manager.cc(266)] size: 4194304
[0822/164416:ERROR:child_discardable_shared_memory_manager.cc(266)] size: 66326528
[0822/164417:ERROR:child_discardable_shared_memory_manager.cc(266)] size: 4194304
[0822/203044:ERROR:renderer_main.cc(203)] Running without renderer sandbox
[0822/203044:ERROR:backend_impl.cc(2001)] Invalid cache (current) size
[0822/203044:ERROR:cache_util_win.cc(20)] Unable to move the cache: 5
[0822/203044:ERROR:cache_util.cc(132)] Unable to move cache folder C:\Users\Administrator\AppData\Local\Tencent\Minibrowser\UserData to C:\Users\Administrator\AppData\Local\Tencent\Minibrowser\old_UserData_000
[0822/203044:ERROR:cache_creator.cc(133)] Unable to create cache
[0822/203044:INFO:CONSOLE(6)] "The key "viewport-fit" is not recognized and ignored.", source: https://mp.weixin.qq.com/s?__biz=MzA5NzgzODI5NA==&mid=2454033499&idx=1&sn=7759782a94194c4e79939090c06aa056&chksm=872b81e2b05c08f404613ac1d5a7d6fce6e7d5af21af4b84c22895e1f551a591bd6f3a02414e&mpshare=1&scene=23&srcid=0822ARd8TehA8wPJZ3Ln8O53#rd (6)
[0822/203045:INFO:CONSOLE(450)] "first js excute:72", source: https://mp.weixin.qq.com/s?__biz=MzA5NzgzODI5NA==&mid=2454033499&idx=1&sn=7759782a94194c4e79939090c06aa056&chksm=872b81e2b05c08f404613ac1d5a7d6fce6e7d5af21af4b84c22895e1f551a591bd6f3a02414e&mpshare=1&scene=23&srcid=0822ARd8TehA8wPJZ3Ln8O53 (450)
[0822/203045:INFO:CONSOLE(604)] "562", source: https://mp.weixin.qq.com/s?__biz=MzA5NzgzODI5NA==&mid=2454033499&idx=1&sn=7759782a94194c4e79939090c06aa056&chksm=872b81e2b05c08f404613ac1d5a7d6fce6e7d5af21af4b84c22895e1f551a591bd6f3a02414e&mpshare=1&scene=23&srcid=0822ARd8TehA8wPJZ3Ln8O53 (604)
[0822/203045:INFO:CONSOLE(604)] "562", source: https://mp.weixin.qq.com/s?__biz=MzA5NzgzODI5NA==&mid=2454033499&idx=1&sn=7759782a94194c4e79939090c06aa056&chksm=872b81e2b05c08f404613ac1d5a7d6fce6e7d5af21af4b84c22895e1f551a591bd6f3a02414e&mpshare=1&scene=23&srcid=0822ARd8TehA8wPJZ3Ln8O53 (604)
[0822/203045:INFO:CONSOLE(604)] "562", source: https://mp.weixin.qq.com/s?__biz=MzA5NzgzODI5NA==&mid=2454033499&idx=1&sn=7759782a94194c4e79939090c06aa056&chksm=872b81e2b05c08f404613ac1d5a7d6fce6e7d5af21af4b84c22895e1f551a591bd6f3a02414e&mpshare=1&scene=23&srcid=0822ARd8TehA8wPJZ3Ln8O53 (604)
[0822/203045:INFO:CONSOLE(604)] "562", source: https://mp.weixin.qq.com/s?__biz=MzA5NzgzODI5NA==&mid=2454033499&idx=1&sn=7759782a94194c4e79939090c06aa056&chksm=872b81e2b05c08f404613ac1d5a7d6fce6e7d5af21af4b84c22895e1f551a591bd6f3a02414e&mpshare=1&scene=23&srcid=0822ARd8TehA8wPJZ3Ln8O53 (604)
[0822/203045:INFO:CONSOLE(604)] "562", source: https://mp.weixin.qq.com/s?__biz=MzA5NzgzODI5NA==&mid=2454033499&idx=1&sn=7759782a94194c4e79939090c06aa056&chksm=872b81e2b05c08f404613ac1d5a7d6fce6e7d5af21af4b84c22895e1f551a591bd6f3a02414e&mpshare=1&scene=23&srcid=0822ARd8TehA8wPJZ3Ln8O53 (604)
[0822/203045:INFO:CONSOLE(604)] "562", source: https://mp.weixin.qq.com/s?__biz=MzA5NzgzODI5NA==&mid=2454033499&idx=1&sn=7759782a94194c4e79939090c06aa056&chksm=872b81e2b05c08f404613ac1d5a7d6fce6e7d5af21af4b84c22895e1f551a591bd6f3a02414e&mpshare=1&scene=23&srcid=0822ARd8TehA8wPJZ3Ln8O53 (604)
[0822/203045:INFO:CONSOLE(604)] "562", source: https://mp.weixin.qq.com/s?__biz=MzA5NzgzODI5NA==&mid=2454033499&idx=1&sn=7759782a94194c4e79939090c06aa056&chksm=872b81e2b05c08f404613ac1d5a7d6fce6e7d5af21af4b84c22895e1f551a591bd6f3a02414e&mpshare=1&scene=23&srcid=0822ARd8TehA8wPJZ3Ln8O53 (604)
[0822/203045:INFO:CONSOLE(604)] "562", source: https://mp.weixin.qq.com/s?__biz=MzA5NzgzODI5NA==&mid=2454033499&idx=1&sn=7759782a94194c4e79939090c06aa056&chksm=872b81e2b05c08f404613ac1d5a7d6fce6e7d5af21af4b84c22895e1f551a591bd6f3a02414e&mpshare=1&scene=23&srcid=0822ARd8TehA8wPJZ3Ln8O53 (604)
[0822/203045:INFO:CONSOLE(604)] "562", source: https://mp.weixin.qq.com/s?__biz=MzA5NzgzODI5NA==&mid=2454033499&idx=1&sn=7759782a94194c4e79939090c06aa056&chksm=872b81e2b05c08f404613ac1d5a7d6fce6e7d5af21af4b84c22895e1f551a591bd6f3a02414e&mpshare=1&scene=23&srcid=0822ARd8TehA8wPJZ3Ln8O53 (604)
[0822/203045:INFO:CONSOLE(604)] "562", source: https://mp.weixin.qq.com/s?__biz=MzA5NzgzODI5NA==&mid=2454033499&idx=1&sn=7759782a94194c4e79939090c06aa056&chksm=872b81e2b05c08f404613ac1d5a7d6fce6e7d5af21af4b84c22895e1f551a591bd6f3a02414e&mpshare=1&scene=23&srcid=0822ARd8TehA8wPJZ3Ln8O53 (604)
[0822/203045:INFO:CONSOLE(604)] "562", source: https://mp.weixin.qq.com/s?__biz=MzA5NzgzODI5NA==&mid=2454033499&idx=1&sn=7759782a94194c4e79939090c06aa056&chksm=872b81e2b05c08f404613ac1d5a7d6fce6e7d5af21af4b84c22895e1f551a591bd6f3a02414e&mpshare=1&scene=23&srcid=0822ARd8TehA8wPJZ3Ln8O53 (604)
[0822/203045:INFO:CONSOLE(604)] "562", source: https://mp.weixin.qq.com/s?__biz=MzA5NzgzODI5NA==&mid=2454033499&idx=1&sn=7759782a94194c4e79939090c06aa056&chksm=872b81e2b05c08f404613ac1d5a7d6fce6e7d5af21af4b84c22895e1f551a591bd6f3a02414e&mpshare=1&scene=23&srcid=0822ARd8TehA8wPJZ3Ln8O53 (604)
[0822/203045:INFO:CONSOLE(604)] "562", source: https://mp.weixin.qq.com/s?__biz=MzA5NzgzODI5NA==&mid=2454033499&idx=1&sn=7759782a94194c4e79939090c06aa056&chksm=872b81e2b05c08f404613ac1d5a7d6fce6e7d5af21af4b84c22895e1f551a591bd6f3a02414e&mpshare=1&scene=23&srcid=0822ARd8TehA8wPJZ3Ln8O53 (604)
[0822/203045:INFO:CONSOLE(604)] "562", source: https://mp.weixin.qq.com/s?__biz=MzA5NzgzODI5NA==&mid=2454033499&idx=1&sn=7759782a94194c4e79939090c06aa056&chksm=872b81e2b05c08f404613ac1d5a7d6fce6e7d5af21af4b84c22895e1f551a591bd6f3a02414e&mpshare=1&scene=23&srcid=0822ARd8TehA8wPJZ3Ln8O53 (604)
[0822/203045:INFO:CONSOLE(604)] "562", source: https://mp.weixin.qq.com/s?__biz=MzA5NzgzODI5NA==&mid=2454033499&idx=1&sn=7759782a94194c4e79939090c06aa056&chksm=872b81e2b05c08f404613ac1d5a7d6fce6e7d5af21af4b84c22895e1f551a591bd6f3a02414e&mpshare=1&scene=23&srcid=0822ARd8TehA8wPJZ3Ln8O53 (604)
[0822/203045:INFO:CONSOLE(604)] "562", source: https://mp.weixin.qq.com/s?__biz=MzA5NzgzODI5NA==&mid=2454033499&idx=1&sn=7759782a94194c4e79939090c06aa056&chksm=872b81e2b05c08f404613ac1d5a7d6fce6e7d5af21af4b84c22895e1f551a591bd6f3a02414e&mpshare=1&scene=23&srcid=0822ARd8TehA8wPJZ3Ln8O53 (604)
[0822/203045:INFO:CONSOLE(604)] "562", source: https://mp.weixin.qq.com/s?__biz=MzA5NzgzODI5NA==&mid=2454033499&idx=1&sn=7759782a94194c4e79939090c06aa056&chksm=872b81e2b05c08f404613ac1d5a7d6fce6e7d5af21af4b84c22895e1f551a591bd6f3a02414e&mpshare=1&scene=23&srcid=0822ARd8TehA8wPJZ3Ln8O53 (604)
[0822/203045:INFO:CONSOLE(604)] "562", source: https://mp.weixin.qq.com/s?__biz=MzA5NzgzODI5NA==&mid=2454033499&idx=1&sn=7759782a94194c4e79939090c06aa056&chksm=872b81e2b05c08f404613ac1d5a7d6fce6e7d5af21af4b84c22895e1f551a591bd6f3a02414e&mpshare=1&scene=23&srcid=0822ARd8TehA8wPJZ3Ln8O53 (604)
[0822/203045:INFO:CONSOLE(604)] "562", source: https://mp.weixin.qq.com/s?__biz=MzA5NzgzODI5NA==&mid=2454033499&idx=1&sn=7759782a94194c4e79939090c06aa056&chksm=872b81e2b05c08f404613ac1d5a7d6fce6e7d5af21af4b84c22895e1f551a591bd6f3a02414e&mpshare=1&scene=23&srcid=0822ARd8TehA8wPJZ3Ln8O53 (604)
[0822/203045:INFO:CONSOLE(604)] "562", source: https://mp.weixin.qq.com/s?__biz=MzA5NzgzODI5NA==&mid=2454033499&idx=1&sn=7759782a94194c4e79939090c06aa056&chksm=872b81e2b05c08f404613ac1d5a7d6fce6e7d5af21af4b84c22895e1f551a591bd6f3a02414e&mpshare=1&scene=23&srcid=0822ARd8TehA8wPJZ3Ln8O53 (604)
[0822/203045:INFO:CONSOLE(604)] "562", source: https://mp.weixin.qq.com/s?__biz=MzA5NzgzODI5NA==&mid=2454033499&idx=1&sn=7759782a94194c4e79939090c06aa056&chksm=872b81e2b05c08f404613ac1d5a7d6fce6e7d5af21af4b84c22895e1f551a591bd6f3a02414e&mpshare=1&scene=23&srcid=0822ARd8TehA8wPJZ3Ln8O53 (604)
[0822/203045:INFO:CONSOLE(604)] "562", source: https://mp.weixin.qq.com/s?__biz=MzA5NzgzODI5NA==&mid=2454033499&idx=1&sn=7759782a94194c4e79939090c06aa056&chksm=872b81e2b05c08f404613ac1d5a7d6fce6e7d5af21af4b84c22895e1f551a591bd6f3a02414e&mpshare=1&scene=23&srcid=0822ARd8TehA8wPJZ3Ln8O53 (604)
[0822/203045:INFO:CONSOLE(604)] "562", source: https://mp.weixin.qq.com/s?__biz=MzA5NzgzODI5NA==&mid=2454033499&idx=1&sn=7759782a94194c4e79939090c06aa056&chksm=872b81e2b05c08f404613ac1d5a7d6fce6e7d5af21af4b84c22895e1f551a591bd6f3a02414e&mpshare=1&scene=23&srcid=0822ARd8TehA8wPJZ3Ln8O53 (604)
[0822/203045:INFO:CONSOLE(604)] "562", source: https://mp.weixin.qq.com/s?__biz=MzA5NzgzODI5NA==&mid=2454033499&idx=1&sn=7759782a94194c4e79939090c06aa056&chksm=872b81e2b05c08f404613ac1d5a7d6fce6e7d5af21af4b84c22895e1f551a591bd6f3a02414e&mpshare=1&scene=23&srcid=0822ARd8TehA8wPJZ3Ln8O53 (604)
[0822/203045:INFO:CONSOLE(604)] "562", source: https://mp.weixin.qq.com/s?__biz=MzA5NzgzODI5NA==&mid=2454033499&idx=1&sn=7759782a94194c4e79939090c06aa056&chksm=872b81e2b05c08f404613ac1d5a7d6fce6e7d5af21af4b84c22895e1f551a591bd6f3a02414e&mpshare=1&scene=23&srcid=0822ARd8TehA8wPJZ3Ln8O53 (604)
[0822/203045:INFO:CONSOLE(604)] "562", source: https://mp.weixin.qq.com/s?__biz=MzA5NzgzODI5NA==&mid=2454033499&idx=1&sn=7759782a94194c4e79939090c06aa056&chksm=872b81e2b05c08f404613ac1d5a7d6fce6e7d5af21af4b84c22895e1f551a591bd6f3a02414e&mpshare=1&scene=23&srcid=0822ARd8TehA8wPJZ3Ln8O53 (604)
[0822/203045:INFO:CONSOLE(604)] "562", source: https://mp.weixin.qq.com/s?__biz=MzA5NzgzODI5NA==&mid=2454033499&idx=1&sn=7759782a94194c4e79939090c06aa056&chksm=872b81e2b05c08f404613ac1d5a7d6fce6e7d5af21af4b84c22895e1f551a591bd6f3a02414e&mpshare=1&scene=23&srcid=0822ARd8TehA8wPJZ3Ln8O53 (604)
[0822/203045:INFO:CONSOLE(604)] "562", source: https://mp.weixin.qq.com/s?__biz=MzA5NzgzODI5NA==&mid=2454033499&idx=1&sn=7759782a94194c4e79939090c06aa056&chksm=872b81e2b05c08f404613ac1d5a7d6fce6e7d5af21af4b84c22895e1f551a591bd6f3a02414e&mpshare=1&scene=23&srcid=0822ARd8TehA8wPJZ3Ln8O53 (604)
[0822/203045:INFO:CONSOLE(604)] "562", source: https://mp.weixin.qq.com/s?__biz=MzA5NzgzODI5NA==&mid=2454033499&idx=1&sn=7759782a94194c4e79939090c06aa056&chksm=872b81e2b05c08f404613ac1d5a7d6fce6e7d5af21af4b84c22895e1f551a591bd6f3a02414e&mpshare=1&scene=23&srcid=0822ARd8TehA8wPJZ3Ln8O53 (604)
[0822/203045:INFO:CONSOLE(604)] "562", source: https://mp.weixin.qq.com/s?__biz=MzA5NzgzODI5NA==&mid=2454033499&idx=1&sn=7759782a94194c4e79939090c06aa056&chksm=872b81e2b05c08f404613ac1d5a7d6fce6e7d5af21af4b84c22895e1f551a591bd6f3a02414e&mpshare=1&scene=23&srcid=0822ARd8TehA8wPJZ3Ln8O53 (604)
[0822/203045:INFO:CONSOLE(604)] "562", source: https://mp.weixin.qq.com/s?__biz=MzA5NzgzODI5NA==&mid=2454033499&idx=1&sn=7759782a94194c4e79939090c06aa056&chksm=872b81e2b05c08f404613ac1d5a7d6fce6e7d5af21af4b84c22895e1f551a591bd6f3a02414e&mpshare=1&scene=23&srcid=0822ARd8TehA8wPJZ3Ln8O53 (604)
[0822/203045:INFO:CONSOLE(604)] "562", source: https://mp.weixin.qq.com/s?__biz=MzA5NzgzODI5NA==&mid=2454033499&idx=1&sn=7759782a94194c4e79939090c06aa056&chksm=872b81e2b05c08f404613ac1d5a7d6fce6e7d5af21af4b84c22895e1f551a591bd6f3a02414e&mpshare=1&scene=23&srcid=0822ARd8TehA8wPJZ3Ln8O53 (604)
[0822/203045:INFO:CONSOLE(604)] "562", source: https://mp.weixin.qq.com/s?__biz=MzA5NzgzODI5NA==&mid=2454033499&idx=1&sn=7759782a94194c4e79939090c06aa056&chksm=872b81e2b05c08f404613ac1d5a7d6fce6e7d5af21af4b84c22895e1f551a591bd6f3a02414e&mpshare=1&scene=23&srcid=0822ARd8TehA8wPJZ3Ln8O53 (604)
[0822/203045:INFO:CONSOLE(604)] "562", source: https://mp.weixin.qq.com/s?__biz=MzA5NzgzODI5NA==&mid=2454033499&idx=1&sn=7759782a94194c4e79939090c06aa056&chksm=872b81e2b05c08f404613ac1d5a7d6fce6e7d5af21af4b84c22895e1f551a591bd6f3a02414e&mpshare=1&scene=23&srcid=0822ARd8TehA8wPJZ3Ln8O53 (604)
[0822/203045:INFO:CONSOLE(604)] "562", source: https://mp.weixin.qq.com/s?__biz=MzA5NzgzODI5NA==&mid=2454033499&idx=1&sn=7759782a94194c4e79939090c06aa056&chksm=872b81e2b05c08f404613ac1d5a7d6fce6e7d5af21af4b84c22895e1f551a591bd6f3a02414e&mpshare=1&scene=23&srcid=0822ARd8TehA8wPJZ3Ln8O53 (604)
[0822/203045:INFO:CONSOLE(604)] "562", source: https://mp.weixin.qq.com/s?__biz=MzA5NzgzODI5NA==&mid=2454033499&idx=1&sn=7759782a94194c4e79939090c06aa056&chksm=872b81e2b05c08f404613ac1d5a7d6fce6e7d5af21af4b84c22895e1f551a591bd6f3a02414e&mpshare=1&scene=23&srcid=0822ARd8TehA8wPJZ3Ln8O53 (604)
[0822/203045:INFO:CONSOLE(604)] "562", source: https://mp.weixin.qq.com/s?__biz=MzA5NzgzODI5NA==&mid=2454033499&idx=1&sn=7759782a94194c4e79939090c06aa056&chksm=872b81e2b05c08f404613ac1d5a7d6fce6e7d5af21af4b84c22895e1f551a591bd6f3a02414e&mpshare=1&scene=23&srcid=0822ARd8TehA8wPJZ3Ln8O53 (604)
[0822/203045:INFO:CONSOLE(604)] "562", source: https://mp.weixin.qq.com/s?__biz=MzA5NzgzODI5NA==&mid=2454033499&idx=1&sn=7759782a94194c4e79939090c06aa056&chksm=872b81e2b05c08f404613ac1d5a7d6fce6e7d5af21af4b84c22895e1f551a591bd6f3a02414e&mpshare=1&scene=23&srcid=0822ARd8TehA8wPJZ3Ln8O53 (604)
[0822/203045:INFO:CONSOLE(604)] "562", source: https://mp.weixin.qq.com/s?__biz=MzA5NzgzODI5NA==&mid=2454033499&idx=1&sn=7759782a94194c4e79939090c06aa056&chksm=872b81e2b05c08f404613ac1d5a7d6fce6e7d5af21af4b84c22895e1f551a591bd6f3a02414e&mpshare=1&scene=23&srcid=0822ARd8TehA8wPJZ3Ln8O53 (604)
[0822/203045:INFO:CONSOLE(604)] "562", source: https://mp.weixin.qq.com/s?__biz=MzA5NzgzODI5NA==&mid=2454033499&idx=1&sn=7759782a94194c4e79939090c06aa056&chksm=872b81e2b05c08f404613ac1d5a7d6fce6e7d5af21af4b84c22895e1f551a591bd6f3a02414e&mpshare=1&scene=23&srcid=0822ARd8TehA8wPJZ3Ln8O53 (604)
[0822/203045:INFO:CONSOLE(604)] "562", source: https://mp.weixin.qq.com/s?__biz=MzA5NzgzODI5NA==&mid=2454033499&idx=1&sn=7759782a94194c4e79939090c06aa056&chksm=872b81e2b05c08f404613ac1d5a7d6fce6e7d5af21af4b84c22895e1f551a591bd6f3a02414e&mpshare=1&scene=23&srcid=0822ARd8TehA8wPJZ3Ln8O53 (604)
[0822/203045:INFO:CONSOLE(604)] "562", source: https://mp.weixin.qq.com/s?__biz=MzA5NzgzODI5NA==&mid=2454033499&idx=1&sn=7759782a94194c4e79939090c06aa056&chksm=872b81e2b05c08f404613ac1d5a7d6fce6e7d5af21af4b84c22895e1f551a591bd6f3a02414e&mpshare=1&scene=23&srcid=0822ARd8TehA8wPJZ3Ln8O53 (604)
[0822/203045:INFO:CONSOLE(604)] "562", source: https://mp.weixin.qq.com/s?__biz=MzA5NzgzODI5NA==&mid=2454033499&idx=1&sn=7759782a94194c4e79939090c06aa056&chksm=872b81e2b05c08f404613ac1d5a7d6fce6e7d5af21af4b84c22895e1f551a591bd6f3a02414e&mpshare=1&scene=23&srcid=0822ARd8TehA8wPJZ3Ln8O53 (604)
[0822/203045:INFO:CONSOLE(604)] "562", source: https://mp.weixin.qq.com/s?__biz=MzA5NzgzODI5NA==&mid=2454033499&idx=1&sn=7759782a94194c4e79939090c06aa056&chksm=872b81e2b05c08f404613ac1d5a7d6fce6e7d5af21af4b84c22895e1f551a591bd6f3a02414e&mpshare=1&scene=23&srcid=0822ARd8TehA8wPJZ3Ln8O53 (604)
[0822/203045:INFO:CONSOLE(604)] "562", source: https://mp.weixin.qq.com/s?__biz=MzA5NzgzODI5NA==&mid=2454033499&idx=1&sn=7759782a94194c4e79939090c06aa056&chksm=872b81e2b05c08f404613ac1d5a7d6fce6e7d5af21af4b84c22895e1f551a591bd6f3a02414e&mpshare=1&scene=23&srcid=0822ARd8TehA8wPJZ3Ln8O53 (604)
[0822/203045:INFO:CONSOLE(604)] "562", source: https://mp.weixin.qq.com/s?__biz=MzA5NzgzODI5NA==&mid=2454033499&idx=1&sn=7759782a94194c4e79939090c06aa056&chksm=872b81e2b05c08f404613ac1d5a7d6fce6e7d5af21af4b84c22895e1f551a591bd6f3a02414e&mpshare=1&scene=23&srcid=0822ARd8TehA8wPJZ3Ln8O53 (604)
[0822/203045:INFO:CONSOLE(604)] "562", source: https://mp.weixin.qq.com/s?__biz=MzA5NzgzODI5NA==&mid=2454033499&idx=1&sn=7759782a94194c4e79939090c06aa056&chksm=872b81e2b05c08f404613ac1d5a7d6fce6e7d5af21af4b84c22895e1f551a591bd6f3a02414e&mpshare=1&scene=23&srcid=0822ARd8TehA8wPJZ3Ln8O53 (604)
[0822/203045:INFO:CONSOLE(604)] "562", source: https://mp.weixin.qq.com/s?__biz=MzA5NzgzODI5NA==&mid=2454033499&idx=1&sn=7759782a94194c4e79939090c06aa056&chksm=872b81e2b05c08f404613ac1d5a7d6fce6e7d5af21af4b84c22895e1f551a591bd6f3a02414e&mpshare=1&scene=23&srcid=0822ARd8TehA8wPJZ3Ln8O53 (604)
[0822/203045:INFO:CONSOLE(604)] "562", source: https://mp.weixin.qq.com/s?__biz=MzA5NzgzODI5NA==&mid=2454033499&idx=1&sn=7759782a94194c4e79939090c06aa056&chksm=872b81e2b05c08f404613ac1d5a7d6fce6e7d5af21af4b84c22895e1f551a591bd6f3a02414e&mpshare=1&scene=23&srcid=0822ARd8TehA8wPJZ3Ln8O53 (604)
[0822/203045:INFO:CONSOLE(604)] "562", source: https://mp.weixin.qq.com/s?__biz=MzA5NzgzODI5NA==&mid=2454033499&idx=1&sn=7759782a94194c4e79939090c06aa056&chksm=872b81e2b05c08f404613ac1d5a7d6fce6e7d5af21af4b84c22895e1f551a591bd6f3a02414e&mpshare=1&scene=23&srcid=0822ARd8TehA8wPJZ3Ln8O53 (604)
[0822/203045:INFO:CONSOLE(604)] "562", source: https://mp.weixin.qq.com/s?__biz=MzA5NzgzODI5NA==&mid=2454033499&idx=1&sn=7759782a94194c4e79939090c06aa056&chksm=872b81e2b05c08f404613ac1d5a7d6fce6e7d5af21af4b84c22895e1f551a591bd6f3a02414e&mpshare=1&scene=23&srcid=0822ARd8TehA8wPJZ3Ln8O53 (604)
[0822/203045:INFO:CONSOLE(604)] "562", source: https://mp.weixin.qq.com/s?__biz=MzA5NzgzODI5NA==&mid=2454033499&idx=1&sn=7759782a94194c4e79939090c06aa056&chksm=872b81e2b05c08f404613ac1d5a7d6fce6e7d5af21af4b84c22895e1f551a591bd6f3a02414e&mpshare=1&scene=23&srcid=0822ARd8TehA8wPJZ3Ln8O53 (604)
[0822/203045:INFO:CONSOLE(604)] "562", source: https://mp.weixin.qq.com/s?__biz=MzA5NzgzODI5NA==&mid=2454033499&idx=1&sn=7759782a94194c4e79939090c06aa056&chksm=872b81e2b05c08f404613ac1d5a7d6fce6e7d5af21af4b84c22895e1f551a591bd6f3a02414e&mpshare=1&scene=23&srcid=0822ARd8TehA8wPJZ3Ln8O53 (604)
[0822/203045:INFO:CONSOLE(604)] "562", source: https://mp.weixin.qq.com/s?__biz=MzA5NzgzODI5NA==&mid=2454033499&idx=1&sn=7759782a94194c4e79939090c06aa056&chksm=872b81e2b05c08f404613ac1d5a7d6fce6e7d5af21af4b84c22895e1f551a591bd6f3a02414e&mpshare=1&scene=23&srcid=0822ARd8TehA8wPJZ3Ln8O53 (604)
[0822/203045:INFO:CONSOLE(604)] "562", source: https://mp.weixin.qq.com/s?__biz=MzA5NzgzODI5NA==&mid=2454033499&idx=1&sn=7759782a94194c4e79939090c06aa056&chksm=872b81e2b05c08f404613ac1d5a7d6fce6e7d5af21af4b84c22895e1f551a591bd6f3a02414e&mpshare=1&scene=23&srcid=0822ARd8TehA8wPJZ3Ln8O53 (604)
[0822/203045:INFO:CONSOLE(604)] "562", source: https://mp.weixin.qq.com/s?__biz=MzA5NzgzODI5NA==&mid=2454033499&idx=1&sn=7759782a94194c4e79939090c06aa056&chksm=872b81e2b05c08f404613ac1d5a7d6fce6e7d5af21af4b84c22895e1f551a591bd6f3a02414e&mpshare=1&scene=23&srcid=0822ARd8TehA8wPJZ3Ln8O53 (604)
[0822/203045:INFO:CONSOLE(604)] "562", source: https://mp.weixin.qq.com/s?__biz=MzA5NzgzODI5NA==&mid=2454033499&idx=1&sn=7759782a94194c4e79939090c06aa056&chksm=872b81e2b05c08f404613ac1d5a7d6fce6e7d5af21af4b84c22895e1f551a591bd6f3a02414e&mpshare=1&scene=23&srcid=0822ARd8TehA8wPJZ3Ln8O53 (604)
[0822/203045:INFO:CONSOLE(604)] "562", source: https://mp.weixin.qq.com/s?__biz=MzA5NzgzODI5NA==&mid=2454033499&idx=1&sn=7759782a94194c4e79939090c06aa056&chksm=872b81e2b05c08f404613ac1d5a7d6fce6e7d5af21af4b84c22895e1f551a591bd6f3a02414e&mpshare=1&scene=23&srcid=0822ARd8TehA8wPJZ3Ln8O53 (604)
[0822/203045:INFO:CONSOLE(604)] "562", source: https://mp.weixin.qq.com/s?__biz=MzA5NzgzODI5NA==&mid=2454033499&idx=1&sn=7759782a94194c4e79939090c06aa056&chksm=872b81e2b05c08f404613ac1d5a7d6fce6e7d5af21af4b84c22895e1f551a591bd6f3a02414e&mpshare=1&scene=23&srcid=0822ARd8TehA8wPJZ3Ln8O53 (604)
[0822/203045:INFO:CONSOLE(604)] "562", source: https://mp.weixin.qq.com/s?__biz=MzA5NzgzODI5NA==&mid=2454033499&idx=1&sn=7759782a94194c4e79939090c06aa056&chksm=872b81e2b05c08f404613ac1d5a7d6fce6e7d5af21af4b84c22895e1f551a591bd6f3a02414e&mpshare=1&scene=23&srcid=0822ARd8TehA8wPJZ3Ln8O53 (604)
[0822/203045:INFO:CONSOLE(604)] "562", source: https://mp.weixin.qq.com/s?__biz=MzA5NzgzODI5NA==&mid=2454033499&idx=1&sn=7759782a94194c4e79939090c06aa056&chksm=872b81e2b05c08f404613ac1d5a7d6fce6e7d5af21af4b84c22895e1f551a591bd6f3a02414e&mpshare=1&scene=23&srcid=0822ARd8TehA8wPJZ3Ln8O53 (604)
[0822/203045:INFO:CONSOLE(604)] "562", source: https://mp.weixin.qq.com/s?__biz=MzA5NzgzODI5NA==&mid=2454033499&idx=1&sn=7759782a94194c4e79939090c06aa056&chksm=872b81e2b05c08f404613ac1d5a7d6fce6e7d5af21af4b84c22895e1f551a591bd6f3a02414e&mpshare=1&scene=23&srcid=0822ARd8TehA8wPJZ3Ln8O53 (604)
[0822/203045:ERROR:child_discardable_shared_memory_manager.cc(266)] size: 4194304
[0822/203045:INFO:CONSOLE(66)] "[canSupportAutoPlay]", source: biz_wap/utils/device.js (66)
[0822/203045:INFO:CONSOLE(2063)] "进入index.js init", source: https://res.wx.qq.com/mmbizwap/zh_CN/htmledition/js/appmsg/page_pos3ff7ef.js,/mmbizwap/zh_CN/htmledition/js/appmsg/weapp3ff8fe.js,/mmbizwap/zh_CN/htmledition/js/appmsg/iframe3ff7ef.js,/mmbizwap/zh_CN/htmledition/js/appmsg/review_image3ffe0c.js,/mmbizwap/zh_CN/htmledition/js/appmsg/async3ff7ef.js,/mmbizwap/zh_CN/htmledition/js/biz_wap/ui/lazyload_img3ff7ef.js,/mmbizwap/zh_CN/htmledition/js/biz_wap/utils/ajax3ff7ef.js,/mmbizwap/zh_CN/htmledition/js/appmsg/index3ff7ef.js (2063)
[0822/203045:INFO:CONSOLE(35)] "CRT_CONF", source: a/tpl/crt_tpl_manager.js (35)
[0822/203045:INFO:CONSOLE(3421)] "getData", source: https://res.wx.qq.com/mmbizwap/zh_CN/htmledition/js/new_video/player3ff7ef.js,/mmbizwap/zh_CN/htmledition/js/biz_common/jquery.md53518c6.js,/mmbizwap/zh_CN/htmledition/js/a/ios3ff7ef.js,/mmbizwap/zh_CN/htmledition/js/a/android3ff7ef.js,/mmbizwap/zh_CN/htmledition/js/a/profile3ff7ef.js,/mmbizwap/zh_CN/htmledition/js/a/app_card3ff943.js,/mmbizwap/zh_CN/htmledition/js/a/sponsor3ff7ef.js,/mmbizwap/zh_CN/htmledition/js/a/mpshop3ff7ef.js,/mmbizwap/zh_CN/htmledition/js/a/wxopen_card3ff7ef.js,/mmbizwap/zh_CN/htmledition/js/biz_wap/utils/openUrl3ff7ef.js,/mmbizwap/zh_CN/htmledition/js/appmsg/comment3ff7ef.js,/mmbizwap/zh_CN/htmledition/js/appmsg/my_comment_tpl.html3ff7ef.js,/mmbizwap/zh_CN/htmledition/js/pages/version4video3ff7ef.js,/mmbizwap/zh_CN/htmledition/js/a/a3ff943.js,/mmbizwap/zh_CN/htmledition/js/appmsg/appmsgext3ff7ef.js,/mmbizwap/zh_CN/htmledition/js/appmsg/comment_utils3ff7ef.js,/mmbizwap/zh_CN/htmledition/js/appmsg/report_and_source3ff7ef.js?v=1003 (3421)
[0822/203045:INFO:CONSOLE(465)] "iframes length:", source: https://res.wx.qq.com/mmbizwap/zh_CN/htmledition/js/appmsg/page_pos3ff7ef.js,/mmbizwap/zh_CN/htmledition/js/appmsg/weapp3ff8fe.js,/mmbizwap/zh_CN/htmledition/js/appmsg/iframe3ff7ef.js,/mmbizwap/zh_CN/htmledition/js/appmsg/review_image3ffe0c.js,/mmbizwap/zh_CN/htmledition/js/appmsg/async3ff7ef.js,/mmbizwap/zh_CN/htmledition/js/biz_wap/ui/lazyload_img3ff7ef.js,/mmbizwap/zh_CN/htmledition/js/biz_wap/utils/ajax3ff7ef.js,/mmbizwap/zh_CN/htmledition/js/appmsg/index3ff7ef.js (465)
[0822/203045:INFO:CONSOLE(1410)] "[moon] load js complete, url num : 2, total mod count : 137, hit num: 112, use time : 110ms", source: https://mp.weixin.qq.com/s?__biz=MzA5NzgzODI5NA==&mid=2454033499&idx=1&sn=7759782a94194c4e79939090c06aa056&chksm=872b81e2b05c08f404613ac1d5a7d6fce6e7d5af21af4b84c22895e1f551a591bd6f3a02414e&mpshare=1&scene=23&srcid=0822ARd8TehA8wPJZ3Ln8O53 (1410)
[0822/203045:INFO:CONSOLE(877)] "appmsgext success", source: https://res.wx.qq.com/mmbizwap/zh_CN/htmledition/js/appmsg/page_pos3ff7ef.js,/mmbizwap/zh_CN/htmledition/js/appmsg/weapp3ff8fe.js,/mmbizwap/zh_CN/htmledition/js/appmsg/iframe3ff7ef.js,/mmbizwap/zh_CN/htmledition/js/appmsg/review_image3ffe0c.js,/mmbizwap/zh_CN/htmledition/js/appmsg/async3ff7ef.js,/mmbizwap/zh_CN/htmledition/js/biz_wap/ui/lazyload_img3ff7ef.js,/mmbizwap/zh_CN/htmledition/js/biz_wap/utils/ajax3ff7ef.js,/mmbizwap/zh_CN/htmledition/js/appmsg/index3ff7ef.js (877)
[0822/203045:INFO:CONSOLE(3476)] "comment utils: ", source: https://res.wx.qq.com/mmbizwap/zh_CN/htmledition/js/new_video/player3ff7ef.js,/mmbizwap/zh_CN/htmledition/js/biz_common/jquery.md53518c6.js,/mmbizwap/zh_CN/htmledition/js/a/ios3ff7ef.js,/mmbizwap/zh_CN/htmledition/js/a/android3ff7ef.js,/mmbizwap/zh_CN/htmledition/js/a/profile3ff7ef.js,/mmbizwap/zh_CN/htmledition/js/a/app_card3ff943.js,/mmbizwap/zh_CN/htmledition/js/a/sponsor3ff7ef.js,/mmbizwap/zh_CN/htmledition/js/a/mpshop3ff7ef.js,/mmbizwap/zh_CN/htmledition/js/a/wxopen_card3ff7ef.js,/mmbizwap/zh_CN/htmledition/js/biz_wap/utils/openUrl3ff7ef.js,/mmbizwap/zh_CN/htmledition/js/appmsg/comment3ff7ef.js,/mmbizwap/zh_CN/htmledition/js/appmsg/my_comment_tpl.html3ff7ef.js,/mmbizwap/zh_CN/htmledition/js/pages/version4video3ff7ef.js,/mmbizwap/zh_CN/htmledition/js/a/a3ff943.js,/mmbizwap/zh_CN/htmledition/js/appmsg/appmsgext3ff7ef.js,/mmbizwap/zh_CN/htmledition/js/appmsg/comment_utils3ff7ef.js,/mmbizwap/zh_CN/htmledition/js/appmsg/report_and_source3ff7ef.js?v=1003 (3476)
[0822/203045:ERROR:child_discardable_shared_memory_manager.cc(266)] size: 4194304
[0822/203046:ERROR:child_discardable_shared_memory_manager.cc(266)] size: 4194304
[0822/203049:ERROR:child_discardable_shared_memory_manager.cc(266)] size: 4194304
